This file contains any messages produced by compilers while
running configure, to aid debugging if configure makes a mistake.

It was created by jeex configure 12.0.4, which was
generated by GNU Autoconf 2.68.  Invocation command line was

  $ ./configure --no-create --no-recursion

## --------- ##
## Platform. ##
## --------- ##

hostname = NeckersHP
uname -m = x86_64
uname -r = 4.4.0-7-generic
uname -s = Linux
uname -v = #22-Ubuntu SMP Thu Feb 18 20:50:38 UTC 2016

/usr/bin/uname -p = unknown
/bin/uname -X     = unknown

/bin/arch              = unknown
/usr/bin/arch -k       = unknown
/usr/convex/getsysinfo = unknown
/usr/bin/hostinfo      = unknown
/bin/machine           = unknown
/usr/bin/oslevel       = unknown
/bin/universe          = unknown

PATH: /usr/local/sbin
PATH: /usr/local/bin
PATH: /usr/sbin
PATH: /usr/bin
PATH: /sbin
PATH: /bin
PATH: /usr/games
PATH: /usr/local/games


## ----------- ##
## Core tests. ##
## ----------- ##

configure:2171: checking for a BSD-compatible install
configure:2239: result: /usr/bin/install -c
configure:2250: checking whether build environment is sane
configure:2300: result: yes
configure:2441: checking for a thread-safe mkdir -p
configure:2480: result: /bin/mkdir -p
configure:2493: checking for gawk
configure:2509: found /usr/bin/gawk
configure:2520: result: gawk
configure:2531: checking whether make sets $(MAKE)
configure:2553: result: yes
configure:2682: checking for gcc
configure:2698: found /usr/bin/gcc
configure:2709: result: gcc
configure:2938: checking for C compiler version
configure:2947: gcc --version >&5
gcc (Ubuntu 5.3.1-9ubuntu3) 5.3.1 20160222
Copyright (C) 2015 Free Software Foundation, Inc.
This is free software; see the source for copying conditions.  There is NO
warranty; not even for MERCHANTABILITY or FITNESS FOR A PARTICULAR PURPOSE.

configure:2958: $? = 0
configure:2947: gcc -v >&5
Using built-in specs.
COLLECT_GCC=gcc
COLLECT_LTO_WRAPPER=/usr/lib/gcc/x86_64-linux-gnu/5/lto-wrapper
Target: x86_64-linux-gnu
Configured with: ../src/configure -v --with-pkgversion='Ubuntu 5.3.1-9ubuntu3' --with-bugurl=file:///usr/share/doc/gcc-5/README.Bugs --enable-languages=c,ada,c++,java,go,d,fortran,objc,obj-c++ --prefix=/usr --program-suffix=-5 --enable-shared --enable-linker-build-id --libexecdir=/usr/lib --without-included-gettext --enable-threads=posix --libdir=/usr/lib --enable-nls --with-sysroot=/ --enable-clocale=gnu --enable-libstdcxx-debug --enable-libstdcxx-time=yes --with-default-libstdcxx-abi=new --enable-gnu-unique-object --disable-vtable-verify --enable-libmpx --enable-plugin --with-system-zlib --disable-browser-plugin --enable-java-awt=gtk --enable-gtk-cairo --with-java-home=/usr/lib/jvm/java-1.5.0-gcj-5-amd64/jre --enable-java-home --with-jvm-root-dir=/usr/lib/jvm/java-1.5.0-gcj-5-amd64 --with-jvm-jar-dir=/usr/lib/jvm-exports/java-1.5.0-gcj-5-amd64 --with-arch-directory=amd64 --with-ecj-jar=/usr/share/java/eclipse-ecj.jar --enable-objc-gc --enable-multiarch --disable-werror --with-arch-32=i686 --with-abi=m64 --with-multilib-list=m32,m64,mx32 --enable-multilib --with-tune=generic --enable-checking=release --build=x86_64-linux-gnu --host=x86_64-linux-gnu --target=x86_64-linux-gnu
Thread model: posix
gcc version 5.3.1 20160222 (Ubuntu 5.3.1-9ubuntu3) 
configure:2958: $? = 0
configure:2947: gcc -V >&5
gcc: error: unrecognized command line option '-V'
gcc: fatal error: no input files
compilation terminated.
configure:2958: $? = 1
configure:2947: gcc -qversion >&5
gcc: error: unrecognized command line option '-qversion'
gcc: fatal error: no input files
compilation terminated.
configure:2958: $? = 1
configure:2978: checking whether the C compiler works
configure:3000: gcc    conftest.c  >&5
configure:3004: $? = 0
configure:3052: result: yes
configure:3055: checking for C compiler default output file name
configure:3057: result: a.out
configure:3063: checking for suffix of executables
configure:3070: gcc -o conftest    conftest.c  >&5
configure:3074: $? = 0
configure:3096: result: 
configure:3118: checking whether we are cross compiling
configure:3126: gcc -o conftest    conftest.c  >&5
configure:3130: $? = 0
configure:3137: ./conftest
configure:3141: $? = 0
configure:3156: result: no
configure:3161: checking for suffix of object files
configure:3183: gcc -c   conftest.c >&5
configure:3187: $? = 0
configure:3208: result: o
configure:3212: checking whether we are using the GNU C compiler
configure:3231: gcc -c   conftest.c >&5
configure:3231: $? = 0
configure:3240: result: yes
configure:3249: checking whether gcc accepts -g
configure:3269: gcc -c -g  conftest.c >&5
configure:3269: $? = 0
configure:3310: result: yes
configure:3327: checking for gcc option to accept ISO C89
configure:3391: gcc  -c -g -O2  conftest.c >&5
configure:3391: $? = 0
configure:3404: result: none needed
configure:3435: checking for style of include used by make
configure:3463: result: GNU
configure:3488: checking dependency style of gcc
configure:3598: result: gcc3
configure:3656: checking for ranlib
configure:3672: found /usr/bin/ranlib
configure:3683: result: ranlib
configure:3711: checking how to run the C preprocessor
configure:3742: gcc -E  conftest.c
configure:3742: $? = 0
configure:3756: gcc -E  conftest.c
conftest.c:11:28: fatal error: ac_nonexistent.h: No such file or directory
compilation terminated.
configure:3756: $? = 1
configure: failed program was:
| /* confdefs.h */
| #define PACKAGE_NAME "jeex"
| #define PACKAGE_TARNAME "jeex"
| #define PACKAGE_VERSION "12.0.4"
| #define PACKAGE_STRING "jeex 12.0.4"
| #define PACKAGE_BUGREPORT "hds619_at_gmail_dot_com"
| #define PACKAGE_URL "http://www.hds619.net"
| #define PACKAGE "jeex"
| #define VERSION "12.0.4"
| /* end confdefs.h.  */
| #include <ac_nonexistent.h>
configure:3781: result: gcc -E
configure:3801: gcc -E  conftest.c
configure:3801: $? = 0
configure:3815: gcc -E  conftest.c
conftest.c:11:28: fatal error: ac_nonexistent.h: No such file or directory
compilation terminated.
configure:3815: $? = 1
configure: failed program was:
| /* confdefs.h */
| #define PACKAGE_NAME "jeex"
| #define PACKAGE_TARNAME "jeex"
| #define PACKAGE_VERSION "12.0.4"
| #define PACKAGE_STRING "jeex 12.0.4"
| #define PACKAGE_BUGREPORT "hds619_at_gmail_dot_com"
| #define PACKAGE_URL "http://www.hds619.net"
| #define PACKAGE "jeex"
| #define VERSION "12.0.4"
| /* end confdefs.h.  */
| #include <ac_nonexistent.h>
configure:3844: checking for grep that handles long lines and -e
configure:3902: result: /bin/grep
configure:3907: checking for egrep
configure:3969: result: /bin/grep -E
configure:3974: checking for ANSI C header files
configure:3994: gcc -c -g -O2  conftest.c >&5
configure:3994: $? = 0
configure:4067: gcc -o conftest -g -O2   conftest.c  >&5
configure:4067: $? = 0
configure:4067: ./conftest
configure:4067: $? = 0
configure:4078: result: yes
configure:4091: checking for sys/types.h
configure:4091: gcc -c -g -O2  conftest.c >&5
configure:4091: $? = 0
configure:4091: result: yes
configure:4091: checking for sys/stat.h
configure:4091: gcc -c -g -O2  conftest.c >&5
configure:4091: $? = 0
configure:4091: result: yes
configure:4091: checking for stdlib.h
configure:4091: gcc -c -g -O2  conftest.c >&5
configure:4091: $? = 0
configure:4091: result: yes
configure:4091: checking for string.h
configure:4091: gcc -c -g -O2  conftest.c >&5
configure:4091: $? = 0
configure:4091: result: yes
configure:4091: checking for memory.h
configure:4091: gcc -c -g -O2  conftest.c >&5
configure:4091: $? = 0
configure:4091: result: yes
configure:4091: checking for strings.h
configure:4091: gcc -c -g -O2  conftest.c >&5
configure:4091: $? = 0
configure:4091: result: yes
configure:4091: checking for inttypes.h
configure:4091: gcc -c -g -O2  conftest.c >&5
configure:4091: $? = 0
configure:4091: result: yes
configure:4091: checking for stdint.h
configure:4091: gcc -c -g -O2  conftest.c >&5
configure:4091: $? = 0
configure:4091: result: yes
configure:4091: checking for unistd.h
configure:4091: gcc -c -g -O2  conftest.c >&5
configure:4091: $? = 0
configure:4091: result: yes
configure:4104: checking minix/config.h usability
configure:4104: gcc -c -g -O2  conftest.c >&5
conftest.c:54:26: fatal error: minix/config.h: No such file or directory
compilation terminated.
configure:4104: $? = 1
configure: failed program was:
| /* confdefs.h */
| #define PACKAGE_NAME "jeex"
| #define PACKAGE_TARNAME "jeex"
| #define PACKAGE_VERSION "12.0.4"
| #define PACKAGE_STRING "jeex 12.0.4"
| #define PACKAGE_BUGREPORT "hds619_at_gmail_dot_com"
| #define PACKAGE_URL "http://www.hds619.net"
| #define PACKAGE "jeex"
| #define VERSION "12.0.4"
| #define STDC_HEADERS 1
| #define HAVE_SYS_TYPES_H 1
| #define HAVE_SYS_STAT_H 1
| #define HAVE_STDLIB_H 1
| #define HAVE_STRING_H 1
| #define HAVE_MEMORY_H 1
| #define HAVE_STRINGS_H 1
| #define HAVE_INTTYPES_H 1
| #define HAVE_STDINT_H 1
| #define HAVE_UNISTD_H 1
| /* end confdefs.h.  */
| #include <stdio.h>
| #ifdef HAVE_SYS_TYPES_H
| # include <sys/types.h>
| #endif
| #ifdef HAVE_SYS_STAT_H
| # include <sys/stat.h>
| #endif
| #ifdef STDC_HEADERS
| # include <stdlib.h>
| # include <stddef.h>
| #else
| # ifdef HAVE_STDLIB_H
| #  include <stdlib.h>
| # endif
| #endif
| #ifdef HAVE_STRING_H
| # if !defined STDC_HEADERS && defined HAVE_MEMORY_H
| #  include <memory.h>
| # endif
| # include <string.h>
| #endif
| #ifdef HAVE_STRINGS_H
| # include <strings.h>
| #endif
| #ifdef HAVE_INTTYPES_H
| # include <inttypes.h>
| #endif
| #ifdef HAVE_STDINT_H
| # include <stdint.h>
| #endif
| #ifdef HAVE_UNISTD_H
| # include <unistd.h>
| #endif
| #include <minix/config.h>
configure:4104: result: no
configure:4104: checking minix/config.h presence
configure:4104: gcc -E  conftest.c
conftest.c:21:26: fatal error: minix/config.h: No such file or directory
compilation terminated.
configure:4104: $? = 1
configure: failed program was:
| /* confdefs.h */
| #define PACKAGE_NAME "jeex"
| #define PACKAGE_TARNAME "jeex"
| #define PACKAGE_VERSION "12.0.4"
| #define PACKAGE_STRING "jeex 12.0.4"
| #define PACKAGE_BUGREPORT "hds619_at_gmail_dot_com"
| #define PACKAGE_URL "http://www.hds619.net"
| #define PACKAGE "jeex"
| #define VERSION "12.0.4"
| #define STDC_HEADERS 1
| #define HAVE_SYS_TYPES_H 1
| #define HAVE_SYS_STAT_H 1
| #define HAVE_STDLIB_H 1
| #define HAVE_STRING_H 1
| #define HAVE_MEMORY_H 1
| #define HAVE_STRINGS_H 1
| #define HAVE_INTTYPES_H 1
| #define HAVE_STDINT_H 1
| #define HAVE_UNISTD_H 1
| /* end confdefs.h.  */
| #include <minix/config.h>
configure:4104: result: no
configure:4104: checking for minix/config.h
configure:4104: result: no
configure:4125: checking whether it is safe to define __EXTENSIONS__
configure:4143: gcc -c -g -O2  conftest.c >&5
configure:4143: $? = 0
configure:4150: result: yes
configure:4166: checking whether NLS is requested
configure:4175: result: yes
configure:4216: checking for msgfmt
configure: trying /usr/bin/msgfmt...
0 translated messages.
configure:4248: result: /usr/bin/msgfmt
configure:4257: checking for gmsgfmt
configure:4288: result: /usr/bin/msgfmt
configure:4339: checking for xgettext
configure: trying /usr/bin/xgettext...
/usr/bin/xgettext: warning: file '/dev/null' extension '' is unknown; will try C
configure:4371: result: /usr/bin/xgettext
configure:4417: checking for msgmerge
configure: trying /usr/bin/msgmerge...
configure:4448: result: /usr/bin/msgmerge
configure:4485: checking build system type
configure:4499: result: x86_64-unknown-linux-gnu
configure:4519: checking host system type
configure:4532: result: x86_64-unknown-linux-gnu
configure:4576: checking for ld used by GCC
configure:4640: result: /usr/bin/ld
configure:4647: checking if the linker (/usr/bin/ld) is GNU ld
configure:4660: result: yes
configure:4667: checking for shared library run path origin
configure:4680: result: done
configure:5252: checking for CFPreferencesCopyAppValue
configure:5270: gcc -o conftest -g -O2   conftest.c  -Wl,-framework -Wl,CoreFoundation >&5
conftest.c:26:42: fatal error: CoreFoundation/CFPreferences.h: No such file or directory
compilation terminated.
configure:5270: $? = 1
configure: failed program was:
| /* confdefs.h */
| #define PACKAGE_NAME "jeex"
| #define PACKAGE_TARNAME "jeex"
| #define PACKAGE_VERSION "12.0.4"
| #define PACKAGE_STRING "jeex 12.0.4"
| #define PACKAGE_BUGREPORT "hds619_at_gmail_dot_com"
| #define PACKAGE_URL "http://www.hds619.net"
| #define PACKAGE "jeex"
| #define VERSION "12.0.4"
| #define STDC_HEADERS 1
| #define HAVE_SYS_TYPES_H 1
| #define HAVE_SYS_STAT_H 1
| #define HAVE_STDLIB_H 1
| #define HAVE_STRING_H 1
| #define HAVE_MEMORY_H 1
| #define HAVE_STRINGS_H 1
| #define HAVE_INTTYPES_H 1
| #define HAVE_STDINT_H 1
| #define HAVE_UNISTD_H 1
| #define __EXTENSIONS__ 1
| #define _ALL_SOURCE 1
| #define _GNU_SOURCE 1
| #define _POSIX_PTHREAD_SEMANTICS 1
| #define _TANDEM_SOURCE 1
| /* end confdefs.h.  */
| #include <CoreFoundation/CFPreferences.h>
| int
| main ()
| {
| CFPreferencesCopyAppValue(NULL, NULL)
|   ;
|   return 0;
| }
configure:5279: result: no
configure:5286: checking for CFLocaleCopyCurrent
configure:5304: gcc -o conftest -g -O2   conftest.c  -Wl,-framework -Wl,CoreFoundation >&5
conftest.c:26:37: fatal error: CoreFoundation/CFLocale.h: No such file or directory
compilation terminated.
configure:5304: $? = 1
configure: failed program was:
| /* confdefs.h */
| #define PACKAGE_NAME "jeex"
| #define PACKAGE_TARNAME "jeex"
| #define PACKAGE_VERSION "12.0.4"
| #define PACKAGE_STRING "jeex 12.0.4"
| #define PACKAGE_BUGREPORT "hds619_at_gmail_dot_com"
| #define PACKAGE_URL "http://www.hds619.net"
| #define PACKAGE "jeex"
| #define VERSION "12.0.4"
| #define STDC_HEADERS 1
| #define HAVE_SYS_TYPES_H 1
| #define HAVE_SYS_STAT_H 1
| #define HAVE_STDLIB_H 1
| #define HAVE_STRING_H 1
| #define HAVE_MEMORY_H 1
| #define HAVE_STRINGS_H 1
| #define HAVE_INTTYPES_H 1
| #define HAVE_STDINT_H 1
| #define HAVE_UNISTD_H 1
| #define __EXTENSIONS__ 1
| #define _ALL_SOURCE 1
| #define _GNU_SOURCE 1
| #define _POSIX_PTHREAD_SEMANTICS 1
| #define _TANDEM_SOURCE 1
| /* end confdefs.h.  */
| #include <CoreFoundation/CFLocale.h>
| int
| main ()
| {
| CFLocaleCopyCurrent();
|   ;
|   return 0;
| }
configure:5313: result: no
configure:5362: checking for GNU gettext in libc
configure:5382: gcc -o conftest -g -O2   conftest.c  >&5
configure:5382: $? = 0
configure:5391: result: yes
configure:6182: checking whether to use NLS
configure:6184: result: yes
configure:6187: checking where the gettext function comes from
configure:6198: result: libc
configure:6257: checking for main in -lm
configure:6276: gcc -o conftest -g -O2   conftest.c -lm   >&5
configure:6276: $? = 0
configure:6285: result: yes
configure:6298: checking for magic_open in -lmagic
configure:6323: gcc -o conftest -g -O2   conftest.c -lmagic  -lm  >&5
configure:6323: $? = 0
configure:6332: result: yes
configure:6346: checking magic.h usability
configure:6346: gcc -c -g -O2  conftest.c >&5
configure:6346: $? = 0
configure:6346: result: yes
configure:6346: checking magic.h presence
configure:6346: gcc -E  conftest.c
configure:6346: $? = 0
configure:6346: result: yes
configure:6346: checking for magic.h
configure:6346: result: yes
configure:6375: checking for pkg-config
configure:6393: found /usr/bin/pkg-config
configure:6406: result: /usr/bin/pkg-config
configure:6428: checking for GTK+ - version >= 2.14.0
configure:6538: gcc -o conftest -g -O2 -pthread -I/usr/include/gtk-2.0 -I/usr/lib/x86_64-linux-gnu/gtk-2.0/include -I/usr/include/gio-unix-2.0/ -I/usr/include/cairo -I/usr/include/pango-1.0 -I/usr/include/atk-1.0 -I/usr/include/cairo -I/usr/include/pixman-1 -I/usr/include/libpng12 -I/usr/include/gdk-pixbuf-2.0 -I/usr/include/libpng12 -I/usr/include/pango-1.0 -I/usr/include/harfbuzz -I/usr/include/pango-1.0 -I/usr/include/glib-2.0 -I/usr/lib/x86_64-linux-gnu/glib-2.0/include -I/usr/include/freetype2   conftest.c -lgtk-x11-2.0 -lgdk-x11-2.0 -lpangocairo-1.0 -latk-1.0 -lcairo -lgdk_pixbuf-2.0 -lgio-2.0 -lpangoft2-1.0 -lpango-1.0 -lgobject-2.0 -lglib-2.0 -lfontconfig -lfreetype -lmagic -lm  >&5
configure:6538: $? = 0
configure:6538: ./conftest
configure:6538: $? = 0
configure:6552: result: yes (version 2.24.29)
configure:6751: checking pkg-config is at least version 0.16
configure:6754: result: yes
configure:6771: checking for GLIB - version >= 2.14.0
configure:6885: gcc -o conftest -g -O2 -pthread -I/usr/include/gtk-2.0 -I/usr/lib/x86_64-linux-gnu/gtk-2.0/include -I/usr/include/gio-unix-2.0/ -I/usr/include/cairo -I/usr/include/pango-1.0 -I/usr/include/atk-1.0 -I/usr/include/cairo -I/usr/include/pixman-1 -I/usr/include/libpng12 -I/usr/include/gdk-pixbuf-2.0 -I/usr/include/libpng12 -I/usr/include/pango-1.0 -I/usr/include/harfbuzz -I/usr/include/pango-1.0 -I/usr/include/glib-2.0 -I/usr/lib/x86_64-linux-gnu/glib-2.0/include -I/usr/include/freetype2 -I/usr/include/glib-2.0 -I/usr/lib/x86_64-linux-gnu/glib-2.0/include   conftest.c -lglib-2.0 -lmagic -lm  >&5
configure:6885: $? = 0
configure:6885: ./conftest
configure:6885: $? = 0
configure:6899: result: yes (version 2.47.6)
configure:7118: creating ./config.status

## ---------------- ##
## Cache variables. ##
## ---------------- ##

ac_cv_build=x86_64-unknown-linux-gnu
ac_cv_c_compiler_gnu=yes
ac_cv_env_CC_set=
ac_cv_env_CC_value=
ac_cv_env_CFLAGS_set=
ac_cv_env_CFLAGS_value=
ac_cv_env_CPPFLAGS_set=
ac_cv_env_CPPFLAGS_value=
ac_cv_env_CPP_set=
ac_cv_env_CPP_value=
ac_cv_env_LDFLAGS_set=
ac_cv_env_LDFLAGS_value=
ac_cv_env_LIBS_set=
ac_cv_env_LIBS_value=
ac_cv_env_PKG_CONFIG_LIBDIR_set=
ac_cv_env_PKG_CONFIG_LIBDIR_value=
ac_cv_env_PKG_CONFIG_PATH_set=
ac_cv_env_PKG_CONFIG_PATH_value=
ac_cv_env_PKG_CONFIG_set=
ac_cv_env_PKG_CONFIG_value=
ac_cv_env_build_alias_set=
ac_cv_env_build_alias_value=
ac_cv_env_host_alias_set=
ac_cv_env_host_alias_value=
ac_cv_env_target_alias_set=
ac_cv_env_target_alias_value=
ac_cv_header_inttypes_h=yes
ac_cv_header_magic_h=yes
ac_cv_header_memory_h=yes
ac_cv_header_minix_config_h=no
ac_cv_header_stdc=yes
ac_cv_header_stdint_h=yes
ac_cv_header_stdlib_h=yes
ac_cv_header_string_h=yes
ac_cv_header_strings_h=yes
ac_cv_header_sys_stat_h=yes
ac_cv_header_sys_types_h=yes
ac_cv_header_unistd_h=yes
ac_cv_host=x86_64-unknown-linux-gnu
ac_cv_lib_m_main=yes
ac_cv_lib_magic_magic_open=yes
ac_cv_objext=o
ac_cv_path_EGREP='/bin/grep -E'
ac_cv_path_GMSGFMT=/usr/bin/msgfmt
ac_cv_path_GREP=/bin/grep
ac_cv_path_MSGFMT=/usr/bin/msgfmt
ac_cv_path_MSGMERGE=/usr/bin/msgmerge
ac_cv_path_PKG_CONFIG=/usr/bin/pkg-config
ac_cv_path_XGETTEXT=/usr/bin/xgettext
ac_cv_path_install='/usr/bin/install -c'
ac_cv_path_mkdir=/bin/mkdir
ac_cv_prog_AWK=gawk
ac_cv_prog_CPP='gcc -E'
ac_cv_prog_ac_ct_CC=gcc
ac_cv_prog_ac_ct_RANLIB=ranlib
ac_cv_prog_cc_c89=
ac_cv_prog_cc_g=yes
ac_cv_prog_make_make_set=yes
ac_cv_safe_to_define___extensions__=yes
acl_cv_hardcode_direct=no
acl_cv_hardcode_libdir_flag_spec='${wl}-rpath ${wl}$libdir'
acl_cv_hardcode_libdir_separator=
acl_cv_hardcode_minus_L=no
acl_cv_libext=a
acl_cv_libname_spec='lib$name'
acl_cv_library_names_spec='$libname$shrext'
acl_cv_path_LD=/usr/bin/ld
acl_cv_prog_gnu_ld=yes
acl_cv_rpath=done
acl_cv_shlibext=so
acl_cv_wl=-Wl,
am_cv_CC_dependencies_compiler_type=gcc3
gt_cv_func_CFLocaleCopyCurrent=no
gt_cv_func_CFPreferencesCopyAppValue=no
gt_cv_func_gnugettext1_libc=yes

## ----------------- ##
## Output variables. ##
## ----------------- ##

ACLOCAL='${SHELL} /home/neckers/Scrivania/necker_projects/jeex-12.6.1/missing --run aclocal-1.11'
AMDEPBACKSLASH='\'
AMDEP_FALSE='#'
AMDEP_TRUE=''
AMTAR='${SHELL} /home/neckers/Scrivania/necker_projects/jeex-12.6.1/missing --run tar'
AUTOCONF='${SHELL} /home/neckers/Scrivania/necker_projects/jeex-12.6.1/missing --run autoconf'
AUTOHEADER='${SHELL} /home/neckers/Scrivania/necker_projects/jeex-12.6.1/missing --run autoheader'
AUTOMAKE='${SHELL} /home/neckers/Scrivania/necker_projects/jeex-12.6.1/missing --run automake-1.11'
AWK='gawk'
CC='gcc'
CCDEPMODE='depmode=gcc3'
CFLAGS='-g -O2 -pthread -I/usr/include/gtk-2.0 -I/usr/lib/x86_64-linux-gnu/gtk-2.0/include -I/usr/include/gio-unix-2.0/ -I/usr/include/cairo -I/usr/include/pango-1.0 -I/usr/include/atk-1.0 -I/usr/include/cairo -I/usr/include/pixman-1 -I/usr/include/libpng12 -I/usr/include/gdk-pixbuf-2.0 -I/usr/include/libpng12 -I/usr/include/pango-1.0 -I/usr/include/harfbuzz -I/usr/include/pango-1.0 -I/usr/include/glib-2.0 -I/usr/lib/x86_64-linux-gnu/glib-2.0/include -I/usr/include/freetype2 -I/usr/include/glib-2.0 -I/usr/lib/x86_64-linux-gnu/glib-2.0/include'
CPP='gcc -E'
CPPFLAGS=''
CYGPATH_W='echo'
DEFS='-DHAVE_CONFIG_H'
DEPDIR='.deps'
ECHO_C=''
ECHO_N='-n'
ECHO_T=''
EGREP='/bin/grep -E'
EXEEXT=''
GETTEXT_MACRO_VERSION='0.18'
GLIB_CFLAGS='-I/usr/include/glib-2.0 -I/usr/lib/x86_64-linux-gnu/glib-2.0/include'
GLIB_GENMARSHAL='glib-genmarshal'
GLIB_LIBS='-lglib-2.0'
GLIB_MKENUMS='glib-mkenums'
GMSGFMT='/usr/bin/msgfmt'
GMSGFMT_015='/usr/bin/msgfmt'
GOBJECT_QUERY='gobject-query'
GREP='/bin/grep'
GTK_CFLAGS='-pthread -I/usr/include/gtk-2.0 -I/usr/lib/x86_64-linux-gnu/gtk-2.0/include -I/usr/include/gio-unix-2.0/ -I/usr/include/cairo -I/usr/include/pango-1.0 -I/usr/include/atk-1.0 -I/usr/include/cairo -I/usr/include/pixman-1 -I/usr/include/libpng12 -I/usr/include/gdk-pixbuf-2.0 -I/usr/include/libpng12 -I/usr/include/pango-1.0 -I/usr/include/harfbuzz -I/usr/include/pango-1.0 -I/usr/include/glib-2.0 -I/usr/lib/x86_64-linux-gnu/glib-2.0/include -I/usr/include/freetype2'
GTK_LIBS='-lgtk-x11-2.0 -lgdk-x11-2.0 -lpangocairo-1.0 -latk-1.0 -lcairo -lgdk_pixbuf-2.0 -lgio-2.0 -lpangoft2-1.0 -lpango-1.0 -lgobject-2.0 -lglib-2.0 -lfontconfig -lfreetype'
INSTALL_DATA='${INSTALL} -m 644'
INSTALL_PROGRAM='${INSTALL}'
INSTALL_SCRIPT='${INSTALL}'
INSTALL_STRIP_PROGRAM='$(install_sh) -c -s'
INTLLIBS=''
INTL_MACOSX_LIBS=''
LDFLAGS=''
LIBICONV='-liconv'
LIBINTL=''
LIBOBJS=''
LIBS='-lmagic -lm '
LTLIBICONV='-liconv'
LTLIBINTL=''
LTLIBOBJS=''
MAKEINFO='${SHELL} /home/neckers/Scrivania/necker_projects/jeex-12.6.1/missing --run makeinfo'
MKDIR_P='/bin/mkdir -p'
MSGFMT='/usr/bin/msgfmt'
MSGFMT_015='/usr/bin/msgfmt'
MSGMERGE='/usr/bin/msgmerge'
OBJEXT='o'
PACKAGE='jeex'
PACKAGE_BUGREPORT='hds619_at_gmail_dot_com'
PACKAGE_NAME='jeex'
PACKAGE_STRING='jeex 12.0.4'
PACKAGE_TARNAME='jeex'
PACKAGE_URL='http://www.hds619.net'
PACKAGE_VERSION='12.0.4'
PATH_SEPARATOR=':'
PKG_CONFIG='/usr/bin/pkg-config'
PKG_CONFIG_LIBDIR=''
PKG_CONFIG_PATH=''
POSUB='po'
RANLIB='ranlib'
SET_MAKE=''
SHELL='/bin/bash'
STRIP=''
USE_NLS='yes'
VERSION='12.0.4'
XGETTEXT='/usr/bin/xgettext'
XGETTEXT_015='/usr/bin/xgettext'
XGETTEXT_EXTRA_OPTIONS=''
ac_ct_CC='gcc'
am__EXEEXT_FALSE=''
am__EXEEXT_TRUE='#'
am__fastdepCC_FALSE='#'
am__fastdepCC_TRUE=''
am__include='include'
am__isrc=''
am__leading_dot='.'
am__quote=''
am__tar='${AMTAR} chof - "$$tardir"'
am__untar='${AMTAR} xf -'
bindir='${exec_prefix}/bin'
build='x86_64-unknown-linux-gnu'
build_alias=''
build_cpu='x86_64'
build_os='linux-gnu'
build_vendor='unknown'
datadir='${datarootdir}'
datarootdir='${prefix}/share'
debug_flag=''
docdir='${datarootdir}/doc/${PACKAGE_TARNAME}'
dvidir='${docdir}'
exec_prefix='${prefix}'
host='x86_64-unknown-linux-gnu'
host_alias=''
host_cpu='x86_64'
host_os='linux-gnu'
host_vendor='unknown'
htmldir='${docdir}'
includedir='${prefix}/include'
infodir='${datarootdir}/info'
install_sh='${SHELL} /home/neckers/Scrivania/necker_projects/jeex-12.6.1/install-sh'
libdir='${exec_prefix}/lib'
libexecdir='${exec_prefix}/libexec'
localedir='${datarootdir}/locale'
localstatedir='${prefix}/var'
mandir='${datarootdir}/man'
mkdir_p='/bin/mkdir -p'
oldincludedir='/usr/include'
pdfdir='${docdir}'
prefix='/usr/local'
program_transform_name='s,x,x,'
psdir='${docdir}'
regex_time_limit_off_flag=''
sbindir='${exec_prefix}/sbin'
sharedstatedir='${prefix}/com'
sysconfdir='${prefix}/etc'
target_alias=''

## ----------- ##
## confdefs.h. ##
## ----------- ##

/* confdefs.h */
#define PACKAGE_NAME "jeex"
#define PACKAGE_TARNAME "jeex"
#define PACKAGE_VERSION "12.0.4"
#define PACKAGE_STRING "jeex 12.0.4"
#define PACKAGE_BUGREPORT "hds619_at_gmail_dot_com"
#define PACKAGE_URL "http://www.hds619.net"
#define PACKAGE "jeex"
#define VERSION "12.0.4"
#define STDC_HEADERS 1
#define HAVE_SYS_TYPES_H 1
#define HAVE_SYS_STAT_H 1
#define HAVE_STDLIB_H 1
#define HAVE_STRING_H 1
#define HAVE_MEMORY_H 1
#define HAVE_STRINGS_H 1
#define HAVE_INTTYPES_H 1
#define HAVE_STDINT_H 1
#define HAVE_UNISTD_H 1
#define __EXTENSIONS__ 1
#define _ALL_SOURCE 1
#define _GNU_SOURCE 1
#define _POSIX_PTHREAD_SEMANTICS 1
#define _TANDEM_SOURCE 1
#define ENABLE_NLS 1
#define HAVE_GETTEXT 1
#define HAVE_DCGETTEXT 1
#define HAVE_LIBM 1
#define HAVE_LIBMAGIC 1

configure: exit 0

## ---------------------- ##
## Running config.status. ##
## ---------------------- ##

This file was extended by jeex config.status 12.0.4, which was
generated by GNU Autoconf 2.68.  Invocation command line was

  CONFIG_FILES    = 
  CONFIG_HEADERS  = 
  CONFIG_LINKS    = 
  CONFIG_COMMANDS = 
  $ ./config.status 

on NeckersHP

config.status:927: creating Makefile
config.status:927: creating src/Makefile
config.status:927: creating plugin/Makefile
config.status:927: creating po/Makefile.in
config.status:927: creating m4/Makefile
config.status:927: creating config.h
config.status:1108: config.h is unchanged
config.status:1156: executing depfiles commands
config.status:1156: executing po-directories commands

## ---------------------- ##
## Running config.status. ##
## ---------------------- ##

This file was extended by jeex config.status 12.0.4, which was
generated by GNU Autoconf 2.68.  Invocation command line was

  CONFIG_FILES    = 
  CONFIG_HEADERS  = 
  CONFIG_LINKS    = 
  CONFIG_COMMANDS = 
  $ ./config.status config.h

on NeckersHP

config.status:927: creating config.h
config.status:1108: config.h is unchanged
